{"/Users/ioannes/Projects/runtyped/src/types/anyOf.ts": {"path":"/Users/ioannes/Projects/runtyped/src/types/anyOf.ts","all":false,"statementMap":{"0":{"start":{"line":1,"column":0},"end":{"line":1,"column":44}},"1":{"start":{"line":2,"column":0},"end":{"line":2,"column":0}},"2":{"start":{"line":3,"column":0},"end":{"line":3,"column":54}},"3":{"start":{"line":4,"column":0},"end":{"line":4,"column":45}},"4":{"start":{"line":5,"column":0},"end":{"line":5,"column":55}},"5":{"start":{"line":6,"column":0},"end":{"line":6,"column":1}}},"s":{"0":1,"1":1,"2":1,"3":3,"4":3,"5":3},"branchMap":{"0":{"type":"branch","line":3,"loc":{"start":{"line":3,"column":21},"end":{"line":6,"column":1}},"locations":[{"start":{"line":3,"column":21},"end":{"line":6,"column":1}}]},"1":{"type":"branch","line":5,"loc":{"start":{"line":5,"column":4},"end":{"line":5,"column":55}},"locations":[{"start":{"line":5,"column":4},"end":{"line":5,"column":55}}]},"2":{"type":"branch","line":5,"loc":{"start":{"line":5,"column":24},"end":{"line":5,"column":53}},"locations":[{"start":{"line":5,"column":24},"end":{"line":5,"column":53}}]},"3":{"type":"branch","line":6,"loc":{"start":{"line":6,"column":0},"end":{"line":6,"column":1}},"locations":[{"start":{"line":6,"column":0},"end":{"line":6,"column":1}}]}},"b":{"0":[3],"1":[7],"2":[13],"3":[3]},"fnMap":{"0":{"name":"anyOf","decl":{"start":{"line":3,"column":21},"end":{"line":6,"column":1}},"loc":{"start":{"line":3,"column":21},"end":{"line":6,"column":1}},"line":3},"1":{"name":"get","decl":{"start":{"line":6,"column":0},"end":{"line":6,"column":1}},"loc":{"start":{"line":6,"column":0},"end":{"line":6,"column":1}},"line":6}},"f":{"0":3,"1":3}}
,"/Users/ioannes/Projects/runtyped/src/types/arr.ts": {"path":"/Users/ioannes/Projects/runtyped/src/types/arr.ts","all":false,"statementMap":{"0":{"start":{"line":1,"column":0},"end":{"line":1,"column":30}},"1":{"start":{"line":2,"column":0},"end":{"line":2,"column":0}},"2":{"start":{"line":3,"column":0},"end":{"line":3,"column":67}}},"s":{"0":1,"1":1,"2":1},"branchMap":{},"b":{},"fnMap":{"0":{"name":"get","decl":{"start":{"line":3,"column":66},"end":{"line":3,"column":67}},"loc":{"start":{"line":3,"column":66},"end":{"line":3,"column":67}},"line":3}},"f":{"0":0}}
,"/Users/ioannes/Projects/runtyped/src/types/arrOf.ts": {"path":"/Users/ioannes/Projects/runtyped/src/types/arrOf.ts","all":false,"statementMap":{"0":{"start":{"line":1,"column":0},"end":{"line":1,"column":44}},"1":{"start":{"line":2,"column":0},"end":{"line":2,"column":0}},"2":{"start":{"line":3,"column":0},"end":{"line":3,"column":84}},"3":{"start":{"line":4,"column":0},"end":{"line":4,"column":52}},"4":{"start":{"line":5,"column":0},"end":{"line":5,"column":2}}},"s":{"0":1,"1":1,"2":1,"3":5,"4":2},"branchMap":{"0":{"type":"branch","line":3,"loc":{"start":{"line":3,"column":21},"end":{"line":5,"column":2}},"locations":[{"start":{"line":3,"column":21},"end":{"line":5,"column":2}}]},"1":{"type":"branch","line":3,"loc":{"start":{"line":3,"column":74},"end":{"line":4,"column":52}},"locations":[{"start":{"line":3,"column":74},"end":{"line":4,"column":52}}]},"2":{"type":"branch","line":4,"loc":{"start":{"line":4,"column":23},"end":{"line":4,"column":52}},"locations":[{"start":{"line":4,"column":23},"end":{"line":4,"column":52}}]},"3":{"type":"branch","line":5,"loc":{"start":{"line":5,"column":1},"end":{"line":5,"column":2}},"locations":[{"start":{"line":5,"column":1},"end":{"line":5,"column":2}}]}},"b":{"0":[2],"1":[5],"2":[3],"3":[2]},"fnMap":{"0":{"name":"arrOf","decl":{"start":{"line":3,"column":21},"end":{"line":5,"column":2}},"loc":{"start":{"line":3,"column":21},"end":{"line":5,"column":2}},"line":3},"1":{"name":"get","decl":{"start":{"line":5,"column":1},"end":{"line":5,"column":2}},"loc":{"start":{"line":5,"column":1},"end":{"line":5,"column":2}},"line":5}},"f":{"0":2,"1":2}}
,"/Users/ioannes/Projects/runtyped/src/types/id.ts": {"path":"/Users/ioannes/Projects/runtyped/src/types/id.ts","all":false,"statementMap":{"0":{"start":{"line":1,"column":0},"end":{"line":1,"column":30}},"1":{"start":{"line":2,"column":0},"end":{"line":2,"column":0}},"2":{"start":{"line":3,"column":0},"end":{"line":3,"column":86}}},"s":{"0":1,"1":1,"2":1},"branchMap":{"0":{"type":"branch","line":3,"loc":{"start":{"line":3,"column":18},"end":{"line":3,"column":86}},"locations":[{"start":{"line":3,"column":18},"end":{"line":3,"column":86}}]},"1":{"type":"branch","line":3,"loc":{"start":{"line":3,"column":62},"end":{"line":3,"column":85}},"locations":[{"start":{"line":3,"column":62},"end":{"line":3,"column":85}}]},"2":{"type":"branch","line":3,"loc":{"start":{"line":3,"column":85},"end":{"line":3,"column":86}},"locations":[{"start":{"line":3,"column":85},"end":{"line":3,"column":86}}]}},"b":{"0":[7],"1":[25],"2":[7]},"fnMap":{"0":{"name":"id","decl":{"start":{"line":3,"column":18},"end":{"line":3,"column":86}},"loc":{"start":{"line":3,"column":18},"end":{"line":3,"column":86}},"line":3},"1":{"name":"get","decl":{"start":{"line":3,"column":85},"end":{"line":3,"column":86}},"loc":{"start":{"line":3,"column":85},"end":{"line":3,"column":86}},"line":3}},"f":{"0":7,"1":7}}
,"/Users/ioannes/Projects/runtyped/src/types/index.ts": {"path":"/Users/ioannes/Projects/runtyped/src/types/index.ts","all":false,"statementMap":{"0":{"start":{"line":1,"column":0},"end":{"line":1,"column":20}},"1":{"start":{"line":2,"column":0},"end":{"line":2,"column":26}},"2":{"start":{"line":3,"column":0},"end":{"line":3,"column":40}},"3":{"start":{"line":4,"column":0},"end":{"line":4,"column":1}},"4":{"start":{"line":5,"column":0},"end":{"line":5,"column":0}},"5":{"start":{"line":6,"column":0},"end":{"line":6,"column":51}},"6":{"start":{"line":7,"column":0},"end":{"line":7,"column":0}},"7":{"start":{"line":8,"column":0},"end":{"line":8,"column":54}},"8":{"start":{"line":9,"column":0},"end":{"line":9,"column":0}},"9":{"start":{"line":10,"column":0},"end":{"line":10,"column":40}},"10":{"start":{"line":11,"column":0},"end":{"line":11,"column":43}},"11":{"start":{"line":12,"column":0},"end":{"line":12,"column":0}},"12":{"start":{"line":13,"column":0},"end":{"line":13,"column":65}},"13":{"start":{"line":14,"column":0},"end":{"line":14,"column":29}},"14":{"start":{"line":15,"column":0},"end":{"line":15,"column":41}},"15":{"start":{"line":16,"column":0},"end":{"line":16,"column":5}},"16":{"start":{"line":17,"column":0},"end":{"line":17,"column":37}},"17":{"start":{"line":18,"column":0},"end":{"line":18,"column":29}},"18":{"start":{"line":19,"column":0},"end":{"line":19,"column":83}},"19":{"start":{"line":20,"column":0},"end":{"line":20,"column":9}},"20":{"start":{"line":21,"column":0},"end":{"line":21,"column":20}},"21":{"start":{"line":22,"column":0},"end":{"line":22,"column":5}},"22":{"start":{"line":23,"column":0},"end":{"line":23,"column":30}},"23":{"start":{"line":24,"column":0},"end":{"line":24,"column":34}},"24":{"start":{"line":25,"column":0},"end":{"line":25,"column":37}},"25":{"start":{"line":26,"column":0},"end":{"line":26,"column":21}},"26":{"start":{"line":27,"column":0},"end":{"line":27,"column":1}},"27":{"start":{"line":28,"column":0},"end":{"line":28,"column":0}},"28":{"start":{"line":29,"column":0},"end":{"line":29,"column":77}},"29":{"start":{"line":30,"column":0},"end":{"line":30,"column":74}},"30":{"start":{"line":31,"column":0},"end":{"line":31,"column":69}},"31":{"start":{"line":32,"column":0},"end":{"line":32,"column":5}},"32":{"start":{"line":33,"column":0},"end":{"line":33,"column":59}},"33":{"start":{"line":34,"column":0},"end":{"line":34,"column":1}},"34":{"start":{"line":35,"column":0},"end":{"line":35,"column":0}},"35":{"start":{"line":36,"column":0},"end":{"line":36,"column":36}},"36":{"start":{"line":37,"column":0},"end":{"line":37,"column":32}},"37":{"start":{"line":38,"column":0},"end":{"line":38,"column":1}},"38":{"start":{"line":39,"column":0},"end":{"line":39,"column":0}},"39":{"start":{"line":40,"column":0},"end":{"line":40,"column":31}},"40":{"start":{"line":41,"column":0},"end":{"line":41,"column":27}},"41":{"start":{"line":42,"column":0},"end":{"line":42,"column":31}},"42":{"start":{"line":43,"column":0},"end":{"line":43,"column":25}},"43":{"start":{"line":44,"column":0},"end":{"line":44,"column":27}},"44":{"start":{"line":45,"column":0},"end":{"line":45,"column":27}},"45":{"start":{"line":46,"column":0},"end":{"line":46,"column":27}},"46":{"start":{"line":47,"column":0},"end":{"line":47,"column":31}},"47":{"start":{"line":48,"column":0},"end":{"line":48,"column":27}},"48":{"start":{"line":49,"column":0},"end":{"line":49,"column":29}}},"s":{"0":1,"1":1,"2":1,"3":1,"4":1,"5":1,"6":1,"7":1,"8":1,"9":1,"10":1,"11":1,"12":1,"13":38,"14":2,"15":2,"16":36,"17":550,"18":338,"19":338,"20":212,"21":550,"22":36,"23":36,"24":36,"25":36,"26":33,"27":1,"28":1,"29":5,"30":5,"31":5,"32":5,"33":5,"34":1,"35":1,"36":18,"37":15,"38":1,"39":1,"40":1,"41":1,"42":1,"43":1,"44":1,"45":1,"46":1,"47":1,"48":1},"branchMap":{"0":{"type":"branch","line":13,"loc":{"start":{"line":13,"column":7},"end":{"line":27,"column":1}},"locations":[{"start":{"line":13,"column":7},"end":{"line":27,"column":1}}]},"1":{"type":"branch","line":14,"loc":{"start":{"line":14,"column":28},"end":{"line":16,"column":5}},"locations":[{"start":{"line":14,"column":28},"end":{"line":16,"column":5}}]},"2":{"type":"branch","line":16,"loc":{"start":{"line":16,"column":4},"end":{"line":27,"column":1}},"locations":[{"start":{"line":16,"column":4},"end":{"line":27,"column":1}}]},"3":{"type":"branch","line":17,"loc":{"start":{"line":17,"column":4},"end":{"line":22,"column":5}},"locations":[{"start":{"line":17,"column":4},"end":{"line":22,"column":5}}]},"4":{"type":"branch","line":18,"loc":{"start":{"line":18,"column":28},"end":{"line":20,"column":9}},"locations":[{"start":{"line":18,"column":28},"end":{"line":20,"column":9}}]},"5":{"type":"branch","line":20,"loc":{"start":{"line":20,"column":8},"end":{"line":21,"column":20}},"locations":[{"start":{"line":20,"column":8},"end":{"line":21,"column":20}}]},"6":{"type":"branch","line":27,"loc":{"start":{"line":27,"column":0},"end":{"line":27,"column":1}},"locations":[{"start":{"line":27,"column":0},"end":{"line":27,"column":1}}]},"7":{"type":"branch","line":29,"loc":{"start":{"line":29,"column":7},"end":{"line":34,"column":1}},"locations":[{"start":{"line":29,"column":7},"end":{"line":34,"column":1}}]},"8":{"type":"branch","line":30,"loc":{"start":{"line":30,"column":22},"end":{"line":31,"column":69}},"locations":[{"start":{"line":30,"column":22},"end":{"line":31,"column":69}}]},"9":{"type":"branch","line":31,"loc":{"start":{"line":31,"column":8},"end":{"line":31,"column":69}},"locations":[{"start":{"line":31,"column":8},"end":{"line":31,"column":69}}]},"10":{"type":"branch","line":31,"loc":{"start":{"line":31,"column":45},"end":{"line":31,"column":68}},"locations":[{"start":{"line":31,"column":45},"end":{"line":31,"column":68}}]},"11":{"type":"branch","line":34,"loc":{"start":{"line":34,"column":0},"end":{"line":34,"column":1}},"locations":[{"start":{"line":34,"column":0},"end":{"line":34,"column":1}}]},"12":{"type":"branch","line":36,"loc":{"start":{"line":36,"column":7},"end":{"line":38,"column":1}},"locations":[{"start":{"line":36,"column":7},"end":{"line":38,"column":1}}]},"13":{"type":"branch","line":38,"loc":{"start":{"line":38,"column":0},"end":{"line":38,"column":1}},"locations":[{"start":{"line":38,"column":0},"end":{"line":38,"column":1}}]},"14":{"type":"branch","line":40,"loc":{"start":{"line":40,"column":22},"end":{"line":40,"column":31}},"locations":[{"start":{"line":40,"column":22},"end":{"line":40,"column":31}}]},"15":{"type":"branch","line":42,"loc":{"start":{"line":42,"column":22},"end":{"line":42,"column":31}},"locations":[{"start":{"line":42,"column":22},"end":{"line":42,"column":31}}]},"16":{"type":"branch","line":43,"loc":{"start":{"line":43,"column":19},"end":{"line":43,"column":25}},"locations":[{"start":{"line":43,"column":19},"end":{"line":43,"column":25}}]},"17":{"type":"branch","line":44,"loc":{"start":{"line":44,"column":20},"end":{"line":44,"column":27}},"locations":[{"start":{"line":44,"column":20},"end":{"line":44,"column":27}}]},"18":{"type":"branch","line":47,"loc":{"start":{"line":47,"column":22},"end":{"line":47,"column":31}},"locations":[{"start":{"line":47,"column":22},"end":{"line":47,"column":31}}]},"19":{"type":"branch","line":48,"loc":{"start":{"line":48,"column":20},"end":{"line":48,"column":27}},"locations":[{"start":{"line":48,"column":20},"end":{"line":48,"column":27}}]},"20":{"type":"branch","line":49,"loc":{"start":{"line":49,"column":21},"end":{"line":49,"column":29}},"locations":[{"start":{"line":49,"column":21},"end":{"line":49,"column":29}}]}},"b":{"0":[38],"1":[2],"2":[36],"3":[550],"4":[338],"5":[212],"6":[33],"7":[5],"8":[5],"9":[322],"10":[530],"11":[5],"12":[18],"13":[15],"14":[3],"15":[2],"16":[7],"17":[214],"18":[1],"19":[1],"20":[315]},"fnMap":{"0":{"name":"createType","decl":{"start":{"line":13,"column":7},"end":{"line":27,"column":1}},"loc":{"start":{"line":13,"column":7},"end":{"line":27,"column":1}},"line":13},"1":{"name":"initialize","decl":{"start":{"line":17,"column":4},"end":{"line":22,"column":5}},"loc":{"start":{"line":17,"column":4},"end":{"line":22,"column":5}},"line":17},"2":{"name":"get","decl":{"start":{"line":27,"column":0},"end":{"line":27,"column":1}},"loc":{"start":{"line":27,"column":0},"end":{"line":27,"column":1}},"line":27},"3":{"name":"extendType","decl":{"start":{"line":29,"column":7},"end":{"line":34,"column":1}},"loc":{"start":{"line":29,"column":7},"end":{"line":34,"column":1}},"line":29},"4":{"name":"assertAll","decl":{"start":{"line":30,"column":22},"end":{"line":31,"column":69}},"loc":{"start":{"line":30,"column":22},"end":{"line":31,"column":69}},"line":30},"5":{"name":"get","decl":{"start":{"line":34,"column":0},"end":{"line":34,"column":1}},"loc":{"start":{"line":34,"column":0},"end":{"line":34,"column":1}},"line":34},"6":{"name":"typeOf","decl":{"start":{"line":36,"column":7},"end":{"line":38,"column":1}},"loc":{"start":{"line":36,"column":7},"end":{"line":38,"column":1}},"line":36},"7":{"name":"get","decl":{"start":{"line":38,"column":0},"end":{"line":38,"column":1}},"loc":{"start":{"line":38,"column":0},"end":{"line":38,"column":1}},"line":38},"8":{"name":"get","decl":{"start":{"line":40,"column":22},"end":{"line":40,"column":31}},"loc":{"start":{"line":40,"column":22},"end":{"line":40,"column":31}},"line":40},"9":{"name":"get","decl":{"start":{"line":41,"column":20},"end":{"line":41,"column":27}},"loc":{"start":{"line":41,"column":20},"end":{"line":41,"column":27}},"line":41},"10":{"name":"get","decl":{"start":{"line":42,"column":22},"end":{"line":42,"column":31}},"loc":{"start":{"line":42,"column":22},"end":{"line":42,"column":31}},"line":42},"11":{"name":"get","decl":{"start":{"line":43,"column":19},"end":{"line":43,"column":25}},"loc":{"start":{"line":43,"column":19},"end":{"line":43,"column":25}},"line":43},"12":{"name":"get","decl":{"start":{"line":44,"column":20},"end":{"line":44,"column":27}},"loc":{"start":{"line":44,"column":20},"end":{"line":44,"column":27}},"line":44},"13":{"name":"get","decl":{"start":{"line":45,"column":20},"end":{"line":45,"column":27}},"loc":{"start":{"line":45,"column":20},"end":{"line":45,"column":27}},"line":45},"14":{"name":"get","decl":{"start":{"line":46,"column":20},"end":{"line":46,"column":27}},"loc":{"start":{"line":46,"column":20},"end":{"line":46,"column":27}},"line":46},"15":{"name":"get","decl":{"start":{"line":47,"column":22},"end":{"line":47,"column":31}},"loc":{"start":{"line":47,"column":22},"end":{"line":47,"column":31}},"line":47},"16":{"name":"get","decl":{"start":{"line":48,"column":20},"end":{"line":48,"column":27}},"loc":{"start":{"line":48,"column":20},"end":{"line":48,"column":27}},"line":48},"17":{"name":"get","decl":{"start":{"line":49,"column":21},"end":{"line":49,"column":29}},"loc":{"start":{"line":49,"column":21},"end":{"line":49,"column":29}},"line":49}},"f":{"0":38,"1":550,"2":33,"3":5,"4":5,"5":5,"6":18,"7":15,"8":3,"9":0,"10":2,"11":7,"12":214,"13":0,"14":0,"15":1,"16":1,"17":315}}
,"/Users/ioannes/Projects/runtyped/src/types/int.ts": {"path":"/Users/ioannes/Projects/runtyped/src/types/int.ts","all":false,"statementMap":{"0":{"start":{"line":1,"column":0},"end":{"line":1,"column":30}},"1":{"start":{"line":2,"column":0},"end":{"line":2,"column":0}},"2":{"start":{"line":3,"column":0},"end":{"line":3,"column":54}},"3":{"start":{"line":4,"column":0},"end":{"line":4,"column":64}},"4":{"start":{"line":5,"column":0},"end":{"line":5,"column":38}},"5":{"start":{"line":6,"column":0},"end":{"line":6,"column":2}}},"s":{"0":1,"1":1,"2":1,"3":530,"4":530,"5":530},"branchMap":{"0":{"type":"branch","line":3,"loc":{"start":{"line":3,"column":37},"end":{"line":6,"column":2}},"locations":[{"start":{"line":3,"column":37},"end":{"line":6,"column":2}}]},"1":{"type":"branch","line":4,"loc":{"start":{"line":4,"column":40},"end":{"line":4,"column":59}},"locations":[{"start":{"line":4,"column":40},"end":{"line":4,"column":59}}]},"2":{"type":"branch","line":6,"loc":{"start":{"line":6,"column":1},"end":{"line":6,"column":2}},"locations":[{"start":{"line":6,"column":1},"end":{"line":6,"column":2}}]}},"b":{"0":[530],"1":[0],"2":[214]},"fnMap":{"0":{"name":"get","decl":{"start":{"line":6,"column":1},"end":{"line":6,"column":2}},"loc":{"start":{"line":6,"column":1},"end":{"line":6,"column":2}},"line":6}},"f":{"0":214}}
,"/Users/ioannes/Projects/runtyped/src/types/num.ts": {"path":"/Users/ioannes/Projects/runtyped/src/types/num.ts","all":false,"statementMap":{"0":{"start":{"line":1,"column":0},"end":{"line":1,"column":30}},"1":{"start":{"line":2,"column":0},"end":{"line":2,"column":0}},"2":{"start":{"line":3,"column":0},"end":{"line":3,"column":54}},"3":{"start":{"line":4,"column":0},"end":{"line":4,"column":64}},"4":{"start":{"line":5,"column":0},"end":{"line":5,"column":37}},"5":{"start":{"line":6,"column":0},"end":{"line":6,"column":2}}},"s":{"0":1,"1":1,"2":1,"3":0,"4":0,"5":0},"branchMap":{},"b":{},"fnMap":{"0":{"name":"get","decl":{"start":{"line":6,"column":1},"end":{"line":6,"column":2}},"loc":{"start":{"line":6,"column":1},"end":{"line":6,"column":2}},"line":6}},"f":{"0":0}}
,"/Users/ioannes/Projects/runtyped/src/types/opt.ts": {"path":"/Users/ioannes/Projects/runtyped/src/types/opt.ts","all":false,"statementMap":{"0":{"start":{"line":1,"column":0},"end":{"line":1,"column":36}},"1":{"start":{"line":2,"column":0},"end":{"line":2,"column":0}},"2":{"start":{"line":3,"column":0},"end":{"line":3,"column":104}}},"s":{"0":1,"1":1,"2":1},"branchMap":{},"b":{},"fnMap":{"0":{"name":"opt","decl":{"start":{"line":3,"column":19},"end":{"line":3,"column":104}},"loc":{"start":{"line":3,"column":19},"end":{"line":3,"column":104}},"line":3},"1":{"name":"get","decl":{"start":{"line":3,"column":103},"end":{"line":3,"column":104}},"loc":{"start":{"line":3,"column":103},"end":{"line":3,"column":104}},"line":3}},"f":{"0":0,"1":0}}
,"/Users/ioannes/Projects/runtyped/src/types/shape.ts": {"path":"/Users/ioannes/Projects/runtyped/src/types/shape.ts","all":false,"statementMap":{"0":{"start":{"line":1,"column":0},"end":{"line":1,"column":44}},"1":{"start":{"line":2,"column":0},"end":{"line":2,"column":0}},"2":{"start":{"line":3,"column":0},"end":{"line":3,"column":68}},"3":{"start":{"line":4,"column":0},"end":{"line":4,"column":83}},"4":{"start":{"line":5,"column":0},"end":{"line":5,"column":74}},"5":{"start":{"line":6,"column":0},"end":{"line":6,"column":1}}},"s":{"0":1,"1":1,"2":1,"3":1,"4":1,"5":1},"branchMap":{"0":{"type":"branch","line":3,"loc":{"start":{"line":3,"column":21},"end":{"line":6,"column":1}},"locations":[{"start":{"line":3,"column":21},"end":{"line":6,"column":1}}]},"1":{"type":"branch","line":4,"loc":{"start":{"line":4,"column":37},"end":{"line":4,"column":78}},"locations":[{"start":{"line":4,"column":37},"end":{"line":4,"column":78}}]},"2":{"type":"branch","line":5,"loc":{"start":{"line":5,"column":4},"end":{"line":5,"column":74}},"locations":[{"start":{"line":5,"column":4},"end":{"line":5,"column":74}}]},"3":{"type":"branch","line":5,"loc":{"start":{"line":5,"column":39},"end":{"line":5,"column":72}},"locations":[{"start":{"line":5,"column":39},"end":{"line":5,"column":72}}]},"4":{"type":"branch","line":6,"loc":{"start":{"line":6,"column":0},"end":{"line":6,"column":1}},"locations":[{"start":{"line":6,"column":0},"end":{"line":6,"column":1}}]}},"b":{"0":[1],"1":[3],"2":[1],"3":[3],"4":[1]},"fnMap":{"0":{"name":"shape","decl":{"start":{"line":3,"column":21},"end":{"line":6,"column":1}},"loc":{"start":{"line":3,"column":21},"end":{"line":6,"column":1}},"line":3},"1":{"name":"get","decl":{"start":{"line":6,"column":0},"end":{"line":6,"column":1}},"loc":{"start":{"line":6,"column":0},"end":{"line":6,"column":1}},"line":6}},"f":{"0":1,"1":1}}
,"/Users/ioannes/Projects/runtyped/src/types/str.ts": {"path":"/Users/ioannes/Projects/runtyped/src/types/str.ts","all":false,"statementMap":{"0":{"start":{"line":1,"column":0},"end":{"line":1,"column":30}},"1":{"start":{"line":2,"column":0},"end":{"line":2,"column":0}},"2":{"start":{"line":3,"column":0},"end":{"line":3,"column":72}}},"s":{"0":1,"1":1,"2":1},"branchMap":{"0":{"type":"branch","line":3,"loc":{"start":{"line":3,"column":37},"end":{"line":3,"column":71}},"locations":[{"start":{"line":3,"column":37},"end":{"line":3,"column":71}}]},"1":{"type":"branch","line":3,"loc":{"start":{"line":3,"column":71},"end":{"line":3,"column":72}},"locations":[{"start":{"line":3,"column":71},"end":{"line":3,"column":72}}]}},"b":{"0":[1],"1":[1]},"fnMap":{"0":{"name":"get","decl":{"start":{"line":3,"column":71},"end":{"line":3,"column":72}},"loc":{"start":{"line":3,"column":71},"end":{"line":3,"column":72}},"line":3}},"f":{"0":1}}
,"/Users/ioannes/Projects/runtyped/src/types/uint.ts": {"path":"/Users/ioannes/Projects/runtyped/src/types/uint.ts","all":false,"statementMap":{"0":{"start":{"line":1,"column":0},"end":{"line":1,"column":35}},"1":{"start":{"line":2,"column":0},"end":{"line":2,"column":0}},"2":{"start":{"line":3,"column":0},"end":{"line":3,"column":64}}},"s":{"0":1,"1":1,"2":1},"branchMap":{"0":{"type":"branch","line":3,"loc":{"start":{"line":3,"column":44},"end":{"line":3,"column":63}},"locations":[{"start":{"line":3,"column":44},"end":{"line":3,"column":63}}]},"1":{"type":"branch","line":3,"loc":{"start":{"line":3,"column":63},"end":{"line":3,"column":64}},"locations":[{"start":{"line":3,"column":63},"end":{"line":3,"column":64}}]}},"b":{"0":[208],"1":[315]},"fnMap":{"0":{"name":"get","decl":{"start":{"line":3,"column":63},"end":{"line":3,"column":64}},"loc":{"start":{"line":3,"column":63},"end":{"line":3,"column":64}},"line":3}},"f":{"0":315}}
}
