{"/Users/ioannes/Projects/runtyped/src/runtyped.ts": {"path":"/Users/ioannes/Projects/runtyped/src/runtyped.ts","all":false,"statementMap":{"0":{"start":{"line":1,"column":0},"end":{"line":1,"column":3}},"1":{"start":{"line":2,"column":0},"end":{"line":2,"column":67}},"2":{"start":{"line":3,"column":0},"end":{"line":3,"column":66}},"3":{"start":{"line":4,"column":0},"end":{"line":4,"column":58}},"4":{"start":{"line":5,"column":0},"end":{"line":5,"column":3}},"5":{"start":{"line":6,"column":0},"end":{"line":6,"column":29}},"6":{"start":{"line":7,"column":0},"end":{"line":7,"column":7}},"7":{"start":{"line":8,"column":0},"end":{"line":8,"column":47}},"8":{"start":{"line":9,"column":0},"end":{"line":9,"column":65}},"9":{"start":{"line":10,"column":0},"end":{"line":10,"column":69}},"10":{"start":{"line":11,"column":0},"end":{"line":11,"column":48}},"11":{"start":{"line":12,"column":0},"end":{"line":12,"column":7}},"12":{"start":{"line":13,"column":0},"end":{"line":13,"column":36}},"13":{"start":{"line":14,"column":0},"end":{"line":14,"column":26}},"14":{"start":{"line":15,"column":0},"end":{"line":15,"column":1}},"15":{"start":{"line":16,"column":0},"end":{"line":16,"column":0}},"16":{"start":{"line":17,"column":0},"end":{"line":17,"column":3}},"17":{"start":{"line":18,"column":0},"end":{"line":18,"column":42}},"18":{"start":{"line":19,"column":0},"end":{"line":19,"column":3}},"19":{"start":{"line":20,"column":0},"end":{"line":20,"column":62}},"20":{"start":{"line":21,"column":0},"end":{"line":21,"column":0}},"21":{"start":{"line":22,"column":0},"end":{"line":22,"column":34}},"22":{"start":{"line":23,"column":0},"end":{"line":23,"column":20}},"23":{"start":{"line":24,"column":0},"end":{"line":24,"column":30}},"24":{"start":{"line":25,"column":0},"end":{"line":25,"column":31}},"25":{"start":{"line":26,"column":0},"end":{"line":26,"column":30}},"26":{"start":{"line":27,"column":0},"end":{"line":27,"column":5}},"27":{"start":{"line":28,"column":0},"end":{"line":28,"column":31}},"28":{"start":{"line":29,"column":0},"end":{"line":29,"column":1}},"29":{"start":{"line":30,"column":0},"end":{"line":30,"column":0}},"30":{"start":{"line":31,"column":0},"end":{"line":31,"column":40}},"31":{"start":{"line":32,"column":0},"end":{"line":32,"column":0}},"32":{"start":{"line":33,"column":0},"end":{"line":33,"column":43}},"33":{"start":{"line":34,"column":0},"end":{"line":34,"column":0}},"34":{"start":{"line":35,"column":0},"end":{"line":35,"column":43}},"35":{"start":{"line":36,"column":0},"end":{"line":36,"column":0}},"36":{"start":{"line":37,"column":0},"end":{"line":37,"column":3}},"37":{"start":{"line":38,"column":0},"end":{"line":38,"column":21}},"38":{"start":{"line":39,"column":0},"end":{"line":39,"column":3}},"39":{"start":{"line":40,"column":0},"end":{"line":40,"column":24}},"40":{"start":{"line":41,"column":0},"end":{"line":41,"column":16}},"41":{"start":{"line":42,"column":0},"end":{"line":42,"column":60}},"42":{"start":{"line":43,"column":0},"end":{"line":43,"column":36}},"43":{"start":{"line":44,"column":0},"end":{"line":44,"column":3}},"44":{"start":{"line":45,"column":0},"end":{"line":45,"column":83}},"45":{"start":{"line":46,"column":0},"end":{"line":46,"column":29}},"46":{"start":{"line":47,"column":0},"end":{"line":47,"column":41}},"47":{"start":{"line":48,"column":0},"end":{"line":48,"column":5}},"48":{"start":{"line":49,"column":0},"end":{"line":49,"column":58}},"49":{"start":{"line":50,"column":0},"end":{"line":50,"column":59}},"50":{"start":{"line":51,"column":0},"end":{"line":51,"column":52}},"51":{"start":{"line":52,"column":0},"end":{"line":52,"column":29}},"52":{"start":{"line":53,"column":0},"end":{"line":53,"column":17}},"53":{"start":{"line":54,"column":0},"end":{"line":54,"column":19}},"54":{"start":{"line":55,"column":0},"end":{"line":55,"column":50}},"55":{"start":{"line":56,"column":0},"end":{"line":56,"column":14}},"56":{"start":{"line":57,"column":0},"end":{"line":57,"column":5}},"57":{"start":{"line":58,"column":0},"end":{"line":58,"column":34}},"58":{"start":{"line":59,"column":0},"end":{"line":59,"column":56}},"59":{"start":{"line":60,"column":0},"end":{"line":60,"column":19}},"60":{"start":{"line":61,"column":0},"end":{"line":61,"column":5}},"61":{"start":{"line":62,"column":0},"end":{"line":62,"column":38}},"62":{"start":{"line":63,"column":0},"end":{"line":63,"column":41}},"63":{"start":{"line":64,"column":0},"end":{"line":64,"column":25}},"64":{"start":{"line":65,"column":0},"end":{"line":65,"column":1}},"65":{"start":{"line":66,"column":0},"end":{"line":66,"column":0}},"66":{"start":{"line":67,"column":0},"end":{"line":67,"column":3}},"67":{"start":{"line":68,"column":0},"end":{"line":68,"column":27}},"68":{"start":{"line":69,"column":0},"end":{"line":69,"column":2}},"69":{"start":{"line":70,"column":0},"end":{"line":70,"column":33}},"70":{"start":{"line":71,"column":0},"end":{"line":71,"column":37}},"71":{"start":{"line":72,"column":0},"end":{"line":72,"column":17}},"72":{"start":{"line":73,"column":0},"end":{"line":73,"column":60}},"73":{"start":{"line":74,"column":0},"end":{"line":74,"column":29}},"74":{"start":{"line":75,"column":0},"end":{"line":75,"column":3}},"75":{"start":{"line":76,"column":0},"end":{"line":76,"column":47}},"76":{"start":{"line":77,"column":0},"end":{"line":77,"column":18}},"77":{"start":{"line":78,"column":0},"end":{"line":78,"column":17}},"78":{"start":{"line":79,"column":0},"end":{"line":79,"column":29}},"79":{"start":{"line":80,"column":0},"end":{"line":80,"column":12}},"80":{"start":{"line":81,"column":0},"end":{"line":81,"column":74}},"81":{"start":{"line":82,"column":0},"end":{"line":82,"column":69}},"82":{"start":{"line":83,"column":0},"end":{"line":83,"column":5}},"83":{"start":{"line":84,"column":0},"end":{"line":84,"column":76}},"84":{"start":{"line":85,"column":0},"end":{"line":85,"column":1}},"85":{"start":{"line":86,"column":0},"end":{"line":86,"column":0}},"86":{"start":{"line":87,"column":0},"end":{"line":87,"column":3}},"87":{"start":{"line":88,"column":0},"end":{"line":88,"column":74}},"88":{"start":{"line":89,"column":0},"end":{"line":89,"column":3}},"89":{"start":{"line":90,"column":0},"end":{"line":90,"column":3}},"90":{"start":{"line":91,"column":0},"end":{"line":91,"column":70}},"91":{"start":{"line":92,"column":0},"end":{"line":92,"column":57}},"92":{"start":{"line":93,"column":0},"end":{"line":93,"column":11}},"93":{"start":{"line":94,"column":0},"end":{"line":94,"column":6}},"94":{"start":{"line":95,"column":0},"end":{"line":95,"column":59}},"95":{"start":{"line":96,"column":0},"end":{"line":96,"column":58}},"96":{"start":{"line":97,"column":0},"end":{"line":97,"column":6}},"97":{"start":{"line":98,"column":0},"end":{"line":98,"column":67}},"98":{"start":{"line":99,"column":0},"end":{"line":99,"column":64}},"99":{"start":{"line":100,"column":0},"end":{"line":100,"column":11}},"100":{"start":{"line":101,"column":0},"end":{"line":101,"column":6}},"101":{"start":{"line":102,"column":0},"end":{"line":102,"column":70}},"102":{"start":{"line":103,"column":0},"end":{"line":103,"column":25}},"103":{"start":{"line":104,"column":0},"end":{"line":104,"column":29}},"104":{"start":{"line":105,"column":0},"end":{"line":105,"column":19}},"105":{"start":{"line":106,"column":0},"end":{"line":106,"column":19}},"106":{"start":{"line":107,"column":0},"end":{"line":107,"column":5}},"107":{"start":{"line":108,"column":0},"end":{"line":108,"column":49}},"108":{"start":{"line":109,"column":0},"end":{"line":109,"column":20}},"109":{"start":{"line":110,"column":0},"end":{"line":110,"column":5}},"110":{"start":{"line":111,"column":0},"end":{"line":111,"column":6}},"111":{"start":{"line":112,"column":0},"end":{"line":112,"column":69}},"112":{"start":{"line":113,"column":0},"end":{"line":113,"column":22}},"113":{"start":{"line":114,"column":0},"end":{"line":114,"column":11}},"114":{"start":{"line":115,"column":0},"end":{"line":115,"column":6}},"115":{"start":{"line":116,"column":0},"end":{"line":116,"column":62}},"116":{"start":{"line":117,"column":0},"end":{"line":117,"column":69}},"117":{"start":{"line":118,"column":0},"end":{"line":118,"column":54}},"118":{"start":{"line":119,"column":0},"end":{"line":119,"column":32}},"119":{"start":{"line":120,"column":0},"end":{"line":120,"column":16}},"120":{"start":{"line":121,"column":0},"end":{"line":121,"column":16}},"121":{"start":{"line":122,"column":0},"end":{"line":122,"column":35}},"122":{"start":{"line":123,"column":0},"end":{"line":123,"column":13}},"123":{"start":{"line":124,"column":0},"end":{"line":124,"column":6}},"124":{"start":{"line":125,"column":0},"end":{"line":125,"column":15}},"125":{"start":{"line":126,"column":0},"end":{"line":126,"column":71}},"126":{"start":{"line":127,"column":0},"end":{"line":127,"column":68}},"127":{"start":{"line":128,"column":0},"end":{"line":128,"column":66}},"128":{"start":{"line":129,"column":0},"end":{"line":129,"column":65}},"129":{"start":{"line":130,"column":0},"end":{"line":130,"column":63}},"130":{"start":{"line":131,"column":0},"end":{"line":131,"column":71}},"131":{"start":{"line":132,"column":0},"end":{"line":132,"column":68}},"132":{"start":{"line":133,"column":0},"end":{"line":133,"column":70}},"133":{"start":{"line":134,"column":0},"end":{"line":134,"column":65}},"134":{"start":{"line":135,"column":0},"end":{"line":135,"column":66}},"135":{"start":{"line":136,"column":0},"end":{"line":136,"column":66}},"136":{"start":{"line":137,"column":0},"end":{"line":137,"column":72}},"137":{"start":{"line":138,"column":0},"end":{"line":138,"column":3}},"138":{"start":{"line":139,"column":0},"end":{"line":139,"column":17}},"139":{"start":{"line":140,"column":0},"end":{"line":140,"column":69}},"140":{"start":{"line":141,"column":0},"end":{"line":141,"column":59}},"141":{"start":{"line":142,"column":0},"end":{"line":142,"column":3}},"142":{"start":{"line":143,"column":0},"end":{"line":143,"column":39}},"143":{"start":{"line":144,"column":0},"end":{"line":144,"column":36}},"144":{"start":{"line":145,"column":0},"end":{"line":145,"column":35}},"145":{"start":{"line":146,"column":0},"end":{"line":146,"column":30}},"146":{"start":{"line":147,"column":0},"end":{"line":147,"column":32}},"147":{"start":{"line":148,"column":0},"end":{"line":148,"column":69}},"148":{"start":{"line":149,"column":0},"end":{"line":149,"column":9}},"149":{"start":{"line":150,"column":0},"end":{"line":150,"column":20}},"150":{"start":{"line":151,"column":0},"end":{"line":151,"column":19}},"151":{"start":{"line":152,"column":0},"end":{"line":152,"column":5}},"152":{"start":{"line":153,"column":0},"end":{"line":153,"column":1}},"153":{"start":{"line":154,"column":0},"end":{"line":154,"column":0}},"154":{"start":{"line":155,"column":0},"end":{"line":155,"column":3}},"155":{"start":{"line":156,"column":0},"end":{"line":156,"column":48}},"156":{"start":{"line":157,"column":0},"end":{"line":157,"column":34}},"157":{"start":{"line":158,"column":0},"end":{"line":158,"column":41}},"158":{"start":{"line":159,"column":0},"end":{"line":159,"column":3}},"159":{"start":{"line":160,"column":0},"end":{"line":160,"column":38}},"160":{"start":{"line":161,"column":0},"end":{"line":161,"column":32}},"161":{"start":{"line":162,"column":0},"end":{"line":162,"column":1}},"162":{"start":{"line":163,"column":0},"end":{"line":163,"column":0}},"163":{"start":{"line":164,"column":0},"end":{"line":164,"column":23}},"164":{"start":{"line":165,"column":0},"end":{"line":165,"column":17}},"165":{"start":{"line":166,"column":0},"end":{"line":166,"column":26}},"166":{"start":{"line":167,"column":0},"end":{"line":167,"column":19}},"167":{"start":{"line":168,"column":0},"end":{"line":168,"column":66}},"168":{"start":{"line":169,"column":0},"end":{"line":169,"column":3}},"169":{"start":{"line":170,"column":0},"end":{"line":170,"column":25}},"170":{"start":{"line":171,"column":0},"end":{"line":171,"column":37}},"171":{"start":{"line":172,"column":0},"end":{"line":172,"column":5}},"172":{"start":{"line":173,"column":0},"end":{"line":173,"column":16}},"173":{"start":{"line":174,"column":0},"end":{"line":174,"column":1}},"174":{"start":{"line":175,"column":0},"end":{"line":175,"column":0}},"175":{"start":{"line":176,"column":0},"end":{"line":176,"column":56}},"176":{"start":{"line":177,"column":0},"end":{"line":177,"column":44}},"177":{"start":{"line":178,"column":0},"end":{"line":178,"column":27}},"178":{"start":{"line":179,"column":0},"end":{"line":179,"column":15}},"179":{"start":{"line":180,"column":0},"end":{"line":180,"column":24}},"180":{"start":{"line":181,"column":0},"end":{"line":181,"column":45}},"181":{"start":{"line":182,"column":0},"end":{"line":182,"column":14}},"182":{"start":{"line":183,"column":0},"end":{"line":183,"column":26}},"183":{"start":{"line":184,"column":0},"end":{"line":184,"column":34}},"184":{"start":{"line":185,"column":0},"end":{"line":185,"column":14}},"185":{"start":{"line":186,"column":0},"end":{"line":186,"column":24}},"186":{"start":{"line":187,"column":0},"end":{"line":187,"column":55}},"187":{"start":{"line":188,"column":0},"end":{"line":188,"column":47}},"188":{"start":{"line":189,"column":0},"end":{"line":189,"column":14}},"189":{"start":{"line":190,"column":0},"end":{"line":190,"column":10}},"190":{"start":{"line":191,"column":0},"end":{"line":191,"column":20}},"191":{"start":{"line":192,"column":0},"end":{"line":192,"column":6}},"192":{"start":{"line":193,"column":0},"end":{"line":193,"column":1}}},"s":{"0":1,"1":1,"2":1,"3":1,"4":1,"5":1,"6":1,"7":1,"8":1,"9":1,"10":1,"11":1,"12":1,"13":1,"14":1,"15":1,"16":1,"17":1,"18":1,"19":1,"20":1,"21":1,"22":1,"23":1,"24":1,"25":1,"26":1,"27":1,"28":1,"29":1,"30":1,"31":1,"32":1,"33":1,"34":1,"35":1,"36":1,"37":1,"38":1,"39":1,"40":1,"41":1,"42":1,"43":1,"44":1,"45":76,"46":8,"47":8,"48":68,"49":722,"50":722,"51":722,"52":722,"53":722,"54":722,"55":722,"56":722,"57":68,"58":68,"59":0,"60":0,"61":68,"62":68,"63":68,"64":66,"65":1,"66":1,"67":1,"68":1,"69":1,"70":1,"71":1,"72":1,"73":1,"74":1,"75":1,"76":10,"77":10,"78":10,"79":10,"80":10,"81":10,"82":10,"83":10,"84":10,"85":1,"86":1,"87":1,"88":1,"89":1,"90":1,"91":1,"92":1,"93":1,"94":1,"95":1,"96":1,"97":1,"98":1,"99":1,"100":1,"101":1,"102":1,"103":1,"104":1,"105":1,"106":1,"107":1,"108":1,"109":1,"110":1,"111":1,"112":1,"113":1,"114":1,"115":1,"116":1,"117":1,"118":1,"119":1,"120":1,"121":1,"122":1,"123":1,"124":1,"125":1,"126":1,"127":1,"128":1,"129":1,"130":1,"131":1,"132":1,"133":1,"134":1,"135":1,"136":1,"137":1,"138":1,"139":1,"140":1,"141":1,"142":1,"143":8,"144":13,"145":13,"146":13,"147":2,"148":2,"149":7,"150":7,"151":13,"152":8,"153":1,"154":1,"155":1,"156":1,"157":1,"158":1,"159":1,"160":45,"161":40,"162":1,"163":722,"164":722,"165":722,"166":722,"167":722,"168":722,"169":722,"170":381,"171":381,"172":341,"173":341,"174":1,"175":1,"176":13,"177":13,"178":13,"179":13,"180":9,"181":9,"182":13,"183":0,"184":0,"185":13,"186":15,"187":15,"188":15,"189":13,"190":13,"191":13,"192":13},"branchMap":{"0":{"type":"branch","line":45,"loc":{"start":{"line":45,"column":7},"end":{"line":65,"column":1}},"locations":[{"start":{"line":45,"column":7},"end":{"line":65,"column":1}}]},"1":{"type":"branch","line":46,"loc":{"start":{"line":46,"column":28},"end":{"line":48,"column":5}},"locations":[{"start":{"line":46,"column":28},"end":{"line":48,"column":5}}]},"2":{"type":"branch","line":48,"loc":{"start":{"line":48,"column":4},"end":{"line":65,"column":1}},"locations":[{"start":{"line":48,"column":4},"end":{"line":65,"column":1}}]},"3":{"type":"branch","line":49,"loc":{"start":{"line":49,"column":4},"end":{"line":57,"column":5}},"locations":[{"start":{"line":49,"column":4},"end":{"line":57,"column":5}}]},"4":{"type":"branch","line":51,"loc":{"start":{"line":51,"column":23},"end":{"line":51,"column":35}},"locations":[{"start":{"line":51,"column":23},"end":{"line":51,"column":35}}]},"5":{"type":"branch","line":51,"loc":{"start":{"line":51,"column":35},"end":{"line":51,"column":52}},"locations":[{"start":{"line":51,"column":35},"end":{"line":51,"column":52}}]},"6":{"type":"branch","line":55,"loc":{"start":{"line":55,"column":23},"end":{"line":55,"column":44}},"locations":[{"start":{"line":55,"column":23},"end":{"line":55,"column":44}}]},"7":{"type":"branch","line":55,"loc":{"start":{"line":55,"column":35},"end":{"line":55,"column":50}},"locations":[{"start":{"line":55,"column":35},"end":{"line":55,"column":50}}]},"8":{"type":"branch","line":65,"loc":{"start":{"line":65,"column":0},"end":{"line":65,"column":1}},"locations":[{"start":{"line":65,"column":0},"end":{"line":65,"column":1}}]},"9":{"type":"branch","line":76,"loc":{"start":{"line":76,"column":7},"end":{"line":85,"column":1}},"locations":[{"start":{"line":76,"column":7},"end":{"line":85,"column":1}}]},"10":{"type":"branch","line":81,"loc":{"start":{"line":81,"column":22},"end":{"line":82,"column":69}},"locations":[{"start":{"line":81,"column":22},"end":{"line":82,"column":69}}]},"11":{"type":"branch","line":82,"loc":{"start":{"line":82,"column":8},"end":{"line":82,"column":69}},"locations":[{"start":{"line":82,"column":8},"end":{"line":82,"column":69}}]},"12":{"type":"branch","line":82,"loc":{"start":{"line":82,"column":45},"end":{"line":82,"column":68}},"locations":[{"start":{"line":82,"column":45},"end":{"line":82,"column":68}}]},"13":{"type":"branch","line":85,"loc":{"start":{"line":85,"column":0},"end":{"line":85,"column":1}},"locations":[{"start":{"line":85,"column":0},"end":{"line":85,"column":1}}]},"14":{"type":"branch","line":143,"loc":{"start":{"line":143,"column":7},"end":{"line":153,"column":1}},"locations":[{"start":{"line":143,"column":7},"end":{"line":153,"column":1}}]},"15":{"type":"branch","line":144,"loc":{"start":{"line":144,"column":11},"end":{"line":152,"column":5}},"locations":[{"start":{"line":144,"column":11},"end":{"line":152,"column":5}}]},"16":{"type":"branch","line":147,"loc":{"start":{"line":147,"column":13},"end":{"line":147,"column":25}},"locations":[{"start":{"line":147,"column":13},"end":{"line":147,"column":25}}]},"17":{"type":"branch","line":147,"loc":{"start":{"line":147,"column":31},"end":{"line":149,"column":9}},"locations":[{"start":{"line":147,"column":31},"end":{"line":149,"column":9}}]},"18":{"type":"branch","line":149,"loc":{"start":{"line":149,"column":8},"end":{"line":151,"column":19}},"locations":[{"start":{"line":149,"column":8},"end":{"line":151,"column":19}}]},"19":{"type":"branch","line":153,"loc":{"start":{"line":153,"column":0},"end":{"line":153,"column":1}},"locations":[{"start":{"line":153,"column":0},"end":{"line":153,"column":1}}]},"20":{"type":"branch","line":160,"loc":{"start":{"line":160,"column":7},"end":{"line":162,"column":1}},"locations":[{"start":{"line":160,"column":7},"end":{"line":162,"column":1}}]},"21":{"type":"branch","line":162,"loc":{"start":{"line":162,"column":0},"end":{"line":162,"column":1}},"locations":[{"start":{"line":162,"column":0},"end":{"line":162,"column":1}}]},"22":{"type":"branch","line":164,"loc":{"start":{"line":164,"column":0},"end":{"line":174,"column":1}},"locations":[{"start":{"line":164,"column":0},"end":{"line":174,"column":1}}]},"23":{"type":"branch","line":170,"loc":{"start":{"line":170,"column":24},"end":{"line":174,"column":1}},"locations":[{"start":{"line":170,"column":24},"end":{"line":174,"column":1}}]},"24":{"type":"branch","line":170,"loc":{"start":{"line":170,"column":24},"end":{"line":172,"column":5}},"locations":[{"start":{"line":170,"column":24},"end":{"line":172,"column":5}}]},"25":{"type":"branch","line":172,"loc":{"start":{"line":172,"column":4},"end":{"line":174,"column":1}},"locations":[{"start":{"line":172,"column":4},"end":{"line":174,"column":1}}]},"26":{"type":"branch","line":176,"loc":{"start":{"line":176,"column":21},"end":{"line":193,"column":1}},"locations":[{"start":{"line":176,"column":21},"end":{"line":193,"column":1}}]},"27":{"type":"branch","line":180,"loc":{"start":{"line":180,"column":12},"end":{"line":182,"column":14}},"locations":[{"start":{"line":180,"column":12},"end":{"line":182,"column":14}}]},"28":{"type":"branch","line":186,"loc":{"start":{"line":186,"column":12},"end":{"line":189,"column":14}},"locations":[{"start":{"line":186,"column":12},"end":{"line":189,"column":14}}]},"29":{"type":"branch","line":188,"loc":{"start":{"line":188,"column":23},"end":{"line":188,"column":42}},"locations":[{"start":{"line":188,"column":23},"end":{"line":188,"column":42}}]},"30":{"type":"branch","line":188,"loc":{"start":{"line":188,"column":30},"end":{"line":188,"column":47}},"locations":[{"start":{"line":188,"column":30},"end":{"line":188,"column":47}}]}},"b":{"0":[76],"1":[8],"2":[68],"3":[722],"4":[15],"5":[712],"6":[10],"7":[712],"8":[66],"9":[10],"10":[10],"11":[345],"12":[571],"13":[10],"14":[8],"15":[13],"16":[9],"17":[2],"18":[7],"19":[8],"20":[45],"21":[40],"22":[722],"23":[718],"24":[381],"25":[341],"26":[13],"27":[9],"28":[15],"29":[5],"30":[10]},"fnMap":{"0":{"name":"createType","decl":{"start":{"line":45,"column":7},"end":{"line":65,"column":1}},"loc":{"start":{"line":45,"column":7},"end":{"line":65,"column":1}},"line":45},"1":{"name":"assignOrInject","decl":{"start":{"line":49,"column":4},"end":{"line":57,"column":5}},"loc":{"start":{"line":49,"column":4},"end":{"line":57,"column":5}},"line":49},"2":{"name":"Type_toString","decl":{"start":{"line":59,"column":30},"end":{"line":61,"column":5}},"loc":{"start":{"line":59,"column":30},"end":{"line":61,"column":5}},"line":59},"3":{"name":"get","decl":{"start":{"line":65,"column":0},"end":{"line":65,"column":1}},"loc":{"start":{"line":65,"column":0},"end":{"line":65,"column":1}},"line":65},"4":{"name":"extendType","decl":{"start":{"line":76,"column":7},"end":{"line":85,"column":1}},"loc":{"start":{"line":76,"column":7},"end":{"line":85,"column":1}},"line":76},"5":{"name":"assertAll","decl":{"start":{"line":81,"column":22},"end":{"line":82,"column":69}},"loc":{"start":{"line":81,"column":22},"end":{"line":82,"column":69}},"line":81},"6":{"name":"get","decl":{"start":{"line":85,"column":0},"end":{"line":85,"column":1}},"loc":{"start":{"line":85,"column":0},"end":{"line":85,"column":1}},"line":85},"7":{"name":"fn","decl":{"start":{"line":143,"column":7},"end":{"line":153,"column":1}},"loc":{"start":{"line":143,"column":7},"end":{"line":153,"column":1}},"line":143},"8":{"name":"get","decl":{"start":{"line":153,"column":0},"end":{"line":153,"column":1}},"loc":{"start":{"line":153,"column":0},"end":{"line":153,"column":1}},"line":153},"9":{"name":"typename","decl":{"start":{"line":160,"column":7},"end":{"line":162,"column":1}},"loc":{"start":{"line":160,"column":7},"end":{"line":162,"column":1}},"line":160},"10":{"name":"get","decl":{"start":{"line":162,"column":0},"end":{"line":162,"column":1}},"loc":{"start":{"line":162,"column":0},"end":{"line":162,"column":1}},"line":162},"11":{"name":"assertOrThrow","decl":{"start":{"line":164,"column":0},"end":{"line":174,"column":1}},"loc":{"start":{"line":164,"column":0},"end":{"line":174,"column":1}},"line":164},"12":{"name":"switchScopes","decl":{"start":{"line":176,"column":21},"end":{"line":193,"column":1}},"loc":{"start":{"line":176,"column":21},"end":{"line":193,"column":1}},"line":176},"13":{"name":"get done","decl":{"start":{"line":180,"column":12},"end":{"line":182,"column":14}},"loc":{"start":{"line":180,"column":12},"end":{"line":182,"column":14}},"line":180},"14":{"name":"get length","decl":{"start":{"line":183,"column":12},"end":{"line":185,"column":14}},"loc":{"start":{"line":183,"column":12},"end":{"line":185,"column":14}},"line":183},"15":{"name":"get next","decl":{"start":{"line":186,"column":12},"end":{"line":189,"column":14}},"loc":{"start":{"line":186,"column":12},"end":{"line":189,"column":14}},"line":186}},"f":{"0":76,"1":722,"2":0,"3":66,"4":10,"5":10,"6":10,"7":8,"8":8,"9":45,"10":40,"11":722,"12":13,"13":9,"14":0,"15":15}}
,"/Users/ioannes/Projects/runtyped/src/types/anyOf.ts": {"path":"/Users/ioannes/Projects/runtyped/src/types/anyOf.ts","all":false,"statementMap":{"0":{"start":{"line":1,"column":0},"end":{"line":1,"column":56}},"1":{"start":{"line":2,"column":0},"end":{"line":2,"column":25}},"2":{"start":{"line":3,"column":0},"end":{"line":3,"column":0}},"3":{"start":{"line":4,"column":0},"end":{"line":4,"column":65}},"4":{"start":{"line":5,"column":0},"end":{"line":5,"column":43}},"5":{"start":{"line":6,"column":0},"end":{"line":6,"column":53}},"6":{"start":{"line":7,"column":0},"end":{"line":7,"column":22}},"7":{"start":{"line":8,"column":0},"end":{"line":8,"column":18}},"8":{"start":{"line":9,"column":0},"end":{"line":9,"column":6}},"9":{"start":{"line":10,"column":0},"end":{"line":10,"column":71}},"10":{"start":{"line":11,"column":0},"end":{"line":11,"column":57}},"11":{"start":{"line":12,"column":0},"end":{"line":12,"column":65}},"12":{"start":{"line":13,"column":0},"end":{"line":13,"column":5}},"13":{"start":{"line":14,"column":0},"end":{"line":14,"column":1}}},"s":{"0":1,"1":1,"2":1,"3":1,"4":3,"5":8,"6":2,"7":6,"8":3,"9":3,"10":3,"11":3,"12":3,"13":3},"branchMap":{"0":{"type":"branch","line":4,"loc":{"start":{"line":4,"column":21},"end":{"line":14,"column":1}},"locations":[{"start":{"line":4,"column":21},"end":{"line":14,"column":1}}]},"1":{"type":"branch","line":5,"loc":{"start":{"line":5,"column":34},"end":{"line":8,"column":18}},"locations":[{"start":{"line":5,"column":34},"end":{"line":8,"column":18}}]},"2":{"type":"branch","line":6,"loc":{"start":{"line":6,"column":24},"end":{"line":6,"column":53}},"locations":[{"start":{"line":6,"column":24},"end":{"line":6,"column":53}}]},"3":{"type":"branch","line":6,"loc":{"start":{"line":6,"column":52},"end":{"line":7,"column":22}},"locations":[{"start":{"line":6,"column":52},"end":{"line":7,"column":22}}]},"4":{"type":"branch","line":7,"loc":{"start":{"line":7,"column":21},"end":{"line":8,"column":18}},"locations":[{"start":{"line":7,"column":21},"end":{"line":8,"column":18}}]},"5":{"type":"branch","line":12,"loc":{"start":{"line":12,"column":8},"end":{"line":12,"column":65}},"locations":[{"start":{"line":12,"column":8},"end":{"line":12,"column":65}}]},"6":{"type":"branch","line":12,"loc":{"start":{"line":12,"column":34},"end":{"line":12,"column":63}},"locations":[{"start":{"line":12,"column":34},"end":{"line":12,"column":63}}]},"7":{"type":"branch","line":14,"loc":{"start":{"line":14,"column":0},"end":{"line":14,"column":1}},"locations":[{"start":{"line":14,"column":0},"end":{"line":14,"column":1}}]}},"b":{"0":[3],"1":[8],"2":[6],"3":[2],"4":[6],"5":[14],"6":[28],"7":[3]},"fnMap":{"0":{"name":"anyOf","decl":{"start":{"line":4,"column":21},"end":{"line":14,"column":1}},"loc":{"start":{"line":4,"column":21},"end":{"line":14,"column":1}},"line":4},"1":{"name":"get","decl":{"start":{"line":14,"column":0},"end":{"line":14,"column":1}},"loc":{"start":{"line":14,"column":0},"end":{"line":14,"column":1}},"line":14}},"f":{"0":3,"1":3}}
,"/Users/ioannes/Projects/runtyped/src/types/arr.ts": {"path":"/Users/ioannes/Projects/runtyped/src/types/arr.ts","all":false,"statementMap":{"0":{"start":{"line":1,"column":0},"end":{"line":1,"column":46}},"1":{"start":{"line":2,"column":0},"end":{"line":2,"column":0}},"2":{"start":{"line":3,"column":0},"end":{"line":3,"column":80}}},"s":{"0":1,"1":1,"2":1},"branchMap":{"0":{"type":"branch","line":3,"loc":{"start":{"line":3,"column":50},"end":{"line":3,"column":79}},"locations":[{"start":{"line":3,"column":50},"end":{"line":3,"column":79}}]},"1":{"type":"branch","line":3,"loc":{"start":{"line":3,"column":79},"end":{"line":3,"column":80}},"locations":[{"start":{"line":3,"column":79},"end":{"line":3,"column":80}}]}},"b":{"0":[12],"1":[13]},"fnMap":{"0":{"name":"get","decl":{"start":{"line":3,"column":79},"end":{"line":3,"column":80}},"loc":{"start":{"line":3,"column":79},"end":{"line":3,"column":80}},"line":3}},"f":{"0":13}}
,"/Users/ioannes/Projects/runtyped/src/types/arrOf.ts": {"path":"/Users/ioannes/Projects/runtyped/src/types/arrOf.ts","all":false,"statementMap":{"0":{"start":{"line":1,"column":0},"end":{"line":1,"column":56}},"1":{"start":{"line":2,"column":0},"end":{"line":2,"column":0}},"2":{"start":{"line":3,"column":0},"end":{"line":3,"column":97}},"3":{"start":{"line":4,"column":0},"end":{"line":4,"column":52}},"4":{"start":{"line":5,"column":0},"end":{"line":5,"column":2}}},"s":{"0":1,"1":1,"2":1,"3":10,"4":5},"branchMap":{"0":{"type":"branch","line":3,"loc":{"start":{"line":3,"column":21},"end":{"line":5,"column":2}},"locations":[{"start":{"line":3,"column":21},"end":{"line":5,"column":2}}]},"1":{"type":"branch","line":3,"loc":{"start":{"line":3,"column":87},"end":{"line":4,"column":52}},"locations":[{"start":{"line":3,"column":87},"end":{"line":4,"column":52}}]},"2":{"type":"branch","line":4,"loc":{"start":{"line":4,"column":23},"end":{"line":4,"column":52}},"locations":[{"start":{"line":4,"column":23},"end":{"line":4,"column":52}}]},"3":{"type":"branch","line":5,"loc":{"start":{"line":5,"column":1},"end":{"line":5,"column":2}},"locations":[{"start":{"line":5,"column":1},"end":{"line":5,"column":2}}]}},"b":{"0":[5],"1":[10],"2":[5],"3":[5]},"fnMap":{"0":{"name":"arrOf","decl":{"start":{"line":3,"column":21},"end":{"line":5,"column":2}},"loc":{"start":{"line":3,"column":21},"end":{"line":5,"column":2}},"line":3},"1":{"name":"get","decl":{"start":{"line":5,"column":1},"end":{"line":5,"column":2}},"loc":{"start":{"line":5,"column":1},"end":{"line":5,"column":2}},"line":5}},"f":{"0":5,"1":5}}
,"/Users/ioannes/Projects/runtyped/src/types/id.ts": {"path":"/Users/ioannes/Projects/runtyped/src/types/id.ts","all":false,"statementMap":{"0":{"start":{"line":1,"column":0},"end":{"line":1,"column":40}},"1":{"start":{"line":2,"column":0},"end":{"line":2,"column":0}},"2":{"start":{"line":3,"column":0},"end":{"line":3,"column":82}}},"s":{"0":1,"1":1,"2":1},"branchMap":{"0":{"type":"branch","line":3,"loc":{"start":{"line":3,"column":18},"end":{"line":3,"column":82}},"locations":[{"start":{"line":3,"column":18},"end":{"line":3,"column":82}}]},"1":{"type":"branch","line":3,"loc":{"start":{"line":3,"column":65},"end":{"line":3,"column":81}},"locations":[{"start":{"line":3,"column":65},"end":{"line":3,"column":81}}]},"2":{"type":"branch","line":3,"loc":{"start":{"line":3,"column":81},"end":{"line":3,"column":82}},"locations":[{"start":{"line":3,"column":81},"end":{"line":3,"column":82}}]}},"b":{"0":[9],"1":[36],"2":[9]},"fnMap":{"0":{"name":"id","decl":{"start":{"line":3,"column":18},"end":{"line":3,"column":82}},"loc":{"start":{"line":3,"column":18},"end":{"line":3,"column":82}},"line":3},"1":{"name":"get","decl":{"start":{"line":3,"column":81},"end":{"line":3,"column":82}},"loc":{"start":{"line":3,"column":81},"end":{"line":3,"column":82}},"line":3}},"f":{"0":9,"1":9}}
,"/Users/ioannes/Projects/runtyped/src/types/index.ts": {"path":"/Users/ioannes/Projects/runtyped/src/types/index.ts","all":false,"statementMap":{"0":{"start":{"line":1,"column":0},"end":{"line":1,"column":31}},"1":{"start":{"line":2,"column":0},"end":{"line":2,"column":27}},"2":{"start":{"line":3,"column":0},"end":{"line":3,"column":31}},"3":{"start":{"line":4,"column":0},"end":{"line":4,"column":25}},"4":{"start":{"line":5,"column":0},"end":{"line":5,"column":27}},"5":{"start":{"line":6,"column":0},"end":{"line":6,"column":27}},"6":{"start":{"line":7,"column":0},"end":{"line":7,"column":27}},"7":{"start":{"line":8,"column":0},"end":{"line":8,"column":31}},"8":{"start":{"line":9,"column":0},"end":{"line":9,"column":27}},"9":{"start":{"line":10,"column":0},"end":{"line":10,"column":29}}},"s":{"0":1,"1":1,"2":1,"3":1,"4":1,"5":1,"6":1,"7":1,"8":1,"9":1},"branchMap":{"0":{"type":"branch","line":1,"loc":{"start":{"line":1,"column":22},"end":{"line":1,"column":31}},"locations":[{"start":{"line":1,"column":22},"end":{"line":1,"column":31}}]},"1":{"type":"branch","line":2,"loc":{"start":{"line":2,"column":20},"end":{"line":2,"column":27}},"locations":[{"start":{"line":2,"column":20},"end":{"line":2,"column":27}}]},"2":{"type":"branch","line":3,"loc":{"start":{"line":3,"column":22},"end":{"line":3,"column":31}},"locations":[{"start":{"line":3,"column":22},"end":{"line":3,"column":31}}]},"3":{"type":"branch","line":4,"loc":{"start":{"line":4,"column":19},"end":{"line":4,"column":25}},"locations":[{"start":{"line":4,"column":19},"end":{"line":4,"column":25}}]},"4":{"type":"branch","line":5,"loc":{"start":{"line":5,"column":20},"end":{"line":5,"column":27}},"locations":[{"start":{"line":5,"column":20},"end":{"line":5,"column":27}}]},"5":{"type":"branch","line":6,"loc":{"start":{"line":6,"column":20},"end":{"line":6,"column":27}},"locations":[{"start":{"line":6,"column":20},"end":{"line":6,"column":27}}]},"6":{"type":"branch","line":7,"loc":{"start":{"line":7,"column":20},"end":{"line":7,"column":27}},"locations":[{"start":{"line":7,"column":20},"end":{"line":7,"column":27}}]},"7":{"type":"branch","line":8,"loc":{"start":{"line":8,"column":22},"end":{"line":8,"column":31}},"locations":[{"start":{"line":8,"column":22},"end":{"line":8,"column":31}}]},"8":{"type":"branch","line":9,"loc":{"start":{"line":9,"column":20},"end":{"line":9,"column":27}},"locations":[{"start":{"line":9,"column":20},"end":{"line":9,"column":27}}]},"9":{"type":"branch","line":10,"loc":{"start":{"line":10,"column":21},"end":{"line":10,"column":29}},"locations":[{"start":{"line":10,"column":21},"end":{"line":10,"column":29}}]}},"b":{"0":[3],"1":[13],"2":[5],"3":[7],"4":[211],"5":[111],"6":[7],"7":[2],"8":[28],"9":[324]},"fnMap":{"0":{"name":"get","decl":{"start":{"line":1,"column":22},"end":{"line":1,"column":31}},"loc":{"start":{"line":1,"column":22},"end":{"line":1,"column":31}},"line":1},"1":{"name":"get","decl":{"start":{"line":2,"column":20},"end":{"line":2,"column":27}},"loc":{"start":{"line":2,"column":20},"end":{"line":2,"column":27}},"line":2},"2":{"name":"get","decl":{"start":{"line":3,"column":22},"end":{"line":3,"column":31}},"loc":{"start":{"line":3,"column":22},"end":{"line":3,"column":31}},"line":3},"3":{"name":"get","decl":{"start":{"line":4,"column":19},"end":{"line":4,"column":25}},"loc":{"start":{"line":4,"column":19},"end":{"line":4,"column":25}},"line":4},"4":{"name":"get","decl":{"start":{"line":5,"column":20},"end":{"line":5,"column":27}},"loc":{"start":{"line":5,"column":20},"end":{"line":5,"column":27}},"line":5},"5":{"name":"get","decl":{"start":{"line":6,"column":20},"end":{"line":6,"column":27}},"loc":{"start":{"line":6,"column":20},"end":{"line":6,"column":27}},"line":6},"6":{"name":"get","decl":{"start":{"line":7,"column":20},"end":{"line":7,"column":27}},"loc":{"start":{"line":7,"column":20},"end":{"line":7,"column":27}},"line":7},"7":{"name":"get","decl":{"start":{"line":8,"column":22},"end":{"line":8,"column":31}},"loc":{"start":{"line":8,"column":22},"end":{"line":8,"column":31}},"line":8},"8":{"name":"get","decl":{"start":{"line":9,"column":20},"end":{"line":9,"column":27}},"loc":{"start":{"line":9,"column":20},"end":{"line":9,"column":27}},"line":9},"9":{"name":"get","decl":{"start":{"line":10,"column":21},"end":{"line":10,"column":29}},"loc":{"start":{"line":10,"column":21},"end":{"line":10,"column":29}},"line":10}},"f":{"0":3,"1":13,"2":5,"3":7,"4":211,"5":111,"6":7,"7":2,"8":28,"9":324}}
,"/Users/ioannes/Projects/runtyped/src/types/int.ts": {"path":"/Users/ioannes/Projects/runtyped/src/types/int.ts","all":false,"statementMap":{"0":{"start":{"line":1,"column":0},"end":{"line":1,"column":46}},"1":{"start":{"line":2,"column":0},"end":{"line":2,"column":0}},"2":{"start":{"line":3,"column":0},"end":{"line":3,"column":68}},"3":{"start":{"line":4,"column":0},"end":{"line":4,"column":64}},"4":{"start":{"line":5,"column":0},"end":{"line":5,"column":38}},"5":{"start":{"line":6,"column":0},"end":{"line":6,"column":2}}},"s":{"0":1,"1":1,"2":1,"3":555,"4":555,"5":555},"branchMap":{"0":{"type":"branch","line":3,"loc":{"start":{"line":3,"column":51},"end":{"line":6,"column":2}},"locations":[{"start":{"line":3,"column":51},"end":{"line":6,"column":2}}]},"1":{"type":"branch","line":4,"loc":{"start":{"line":4,"column":40},"end":{"line":4,"column":59}},"locations":[{"start":{"line":4,"column":40},"end":{"line":4,"column":59}}]},"2":{"type":"branch","line":4,"loc":{"start":{"line":4,"column":51},"end":{"line":4,"column":64}},"locations":[{"start":{"line":4,"column":51},"end":{"line":4,"column":64}}]},"3":{"type":"branch","line":6,"loc":{"start":{"line":6,"column":1},"end":{"line":6,"column":2}},"locations":[{"start":{"line":6,"column":1},"end":{"line":6,"column":2}}]}},"b":{"0":[555],"1":[4],"2":[551],"3":[221]},"fnMap":{"0":{"name":"get","decl":{"start":{"line":6,"column":1},"end":{"line":6,"column":2}},"loc":{"start":{"line":6,"column":1},"end":{"line":6,"column":2}},"line":6}},"f":{"0":221}}
,"/Users/ioannes/Projects/runtyped/src/types/num.ts": {"path":"/Users/ioannes/Projects/runtyped/src/types/num.ts","all":false,"statementMap":{"0":{"start":{"line":1,"column":0},"end":{"line":1,"column":46}},"1":{"start":{"line":2,"column":0},"end":{"line":2,"column":0}},"2":{"start":{"line":3,"column":0},"end":{"line":3,"column":68}},"3":{"start":{"line":4,"column":0},"end":{"line":4,"column":64}},"4":{"start":{"line":5,"column":0},"end":{"line":5,"column":37}},"5":{"start":{"line":6,"column":0},"end":{"line":6,"column":2}}},"s":{"0":1,"1":1,"2":1,"3":110,"4":110,"5":110},"branchMap":{"0":{"type":"branch","line":3,"loc":{"start":{"line":3,"column":51},"end":{"line":6,"column":2}},"locations":[{"start":{"line":3,"column":51},"end":{"line":6,"column":2}}]},"1":{"type":"branch","line":4,"loc":{"start":{"line":4,"column":40},"end":{"line":4,"column":59}},"locations":[{"start":{"line":4,"column":40},"end":{"line":4,"column":59}}]},"2":{"type":"branch","line":4,"loc":{"start":{"line":4,"column":51},"end":{"line":4,"column":64}},"locations":[{"start":{"line":4,"column":51},"end":{"line":4,"column":64}}]},"3":{"type":"branch","line":6,"loc":{"start":{"line":6,"column":1},"end":{"line":6,"column":2}},"locations":[{"start":{"line":6,"column":1},"end":{"line":6,"column":2}}]}},"b":{"0":[110],"1":[1],"2":[109],"3":[111]},"fnMap":{"0":{"name":"get","decl":{"start":{"line":6,"column":1},"end":{"line":6,"column":2}},"loc":{"start":{"line":6,"column":1},"end":{"line":6,"column":2}},"line":6}},"f":{"0":111}}
,"/Users/ioannes/Projects/runtyped/src/types/opt.ts": {"path":"/Users/ioannes/Projects/runtyped/src/types/opt.ts","all":false,"statementMap":{"0":{"start":{"line":1,"column":0},"end":{"line":1,"column":56}},"1":{"start":{"line":2,"column":0},"end":{"line":2,"column":0}},"2":{"start":{"line":3,"column":0},"end":{"line":3,"column":67}},"3":{"start":{"line":4,"column":0},"end":{"line":4,"column":29}},"4":{"start":{"line":5,"column":0},"end":{"line":5,"column":55}},"5":{"start":{"line":6,"column":0},"end":{"line":6,"column":1}}},"s":{"0":1,"1":1,"2":1,"3":7,"4":7,"5":7},"branchMap":{"0":{"type":"branch","line":3,"loc":{"start":{"line":3,"column":19},"end":{"line":6,"column":1}},"locations":[{"start":{"line":3,"column":19},"end":{"line":6,"column":1}}]},"1":{"type":"branch","line":5,"loc":{"start":{"line":5,"column":4},"end":{"line":5,"column":55}},"locations":[{"start":{"line":5,"column":4},"end":{"line":5,"column":55}}]},"2":{"type":"branch","line":5,"loc":{"start":{"line":5,"column":30},"end":{"line":5,"column":55}},"locations":[{"start":{"line":5,"column":30},"end":{"line":5,"column":55}}]},"3":{"type":"branch","line":6,"loc":{"start":{"line":6,"column":0},"end":{"line":6,"column":1}},"locations":[{"start":{"line":6,"column":0},"end":{"line":6,"column":1}}]}},"b":{"0":[7],"1":[27],"2":[16],"3":[7]},"fnMap":{"0":{"name":"opt","decl":{"start":{"line":3,"column":19},"end":{"line":6,"column":1}},"loc":{"start":{"line":3,"column":19},"end":{"line":6,"column":1}},"line":3},"1":{"name":"get","decl":{"start":{"line":6,"column":0},"end":{"line":6,"column":1}},"loc":{"start":{"line":6,"column":0},"end":{"line":6,"column":1}},"line":6}},"f":{"0":7,"1":7}}
,"/Users/ioannes/Projects/runtyped/src/types/shape.ts": {"path":"/Users/ioannes/Projects/runtyped/src/types/shape.ts","all":false,"statementMap":{"0":{"start":{"line":1,"column":0},"end":{"line":1,"column":56}},"1":{"start":{"line":2,"column":0},"end":{"line":2,"column":0}},"2":{"start":{"line":3,"column":0},"end":{"line":3,"column":68}},"3":{"start":{"line":4,"column":0},"end":{"line":4,"column":85}},"4":{"start":{"line":5,"column":0},"end":{"line":5,"column":16}},"5":{"start":{"line":6,"column":0},"end":{"line":6,"column":13}},"6":{"start":{"line":7,"column":0},"end":{"line":7,"column":36}},"7":{"start":{"line":8,"column":0},"end":{"line":8,"column":87}},"8":{"start":{"line":9,"column":0},"end":{"line":9,"column":6}},"9":{"start":{"line":10,"column":0},"end":{"line":10,"column":1}}},"s":{"0":1,"1":1,"2":1,"3":2,"4":2,"5":14,"6":14,"7":14,"8":2,"9":2},"branchMap":{"0":{"type":"branch","line":3,"loc":{"start":{"line":3,"column":21},"end":{"line":10,"column":1}},"locations":[{"start":{"line":3,"column":21},"end":{"line":10,"column":1}}]},"1":{"type":"branch","line":4,"loc":{"start":{"line":4,"column":37},"end":{"line":4,"column":80}},"locations":[{"start":{"line":4,"column":37},"end":{"line":4,"column":80}}]},"2":{"type":"branch","line":5,"loc":{"start":{"line":5,"column":4},"end":{"line":8,"column":87}},"locations":[{"start":{"line":5,"column":4},"end":{"line":8,"column":87}}]},"3":{"type":"branch","line":8,"loc":{"start":{"line":8,"column":37},"end":{"line":8,"column":86}},"locations":[{"start":{"line":8,"column":37},"end":{"line":8,"column":86}}]},"4":{"type":"branch","line":10,"loc":{"start":{"line":10,"column":0},"end":{"line":10,"column":1}},"locations":[{"start":{"line":10,"column":0},"end":{"line":10,"column":1}}]}},"b":{"0":[2],"1":[8],"2":[14],"3":[49],"4":[2]},"fnMap":{"0":{"name":"shape","decl":{"start":{"line":3,"column":21},"end":{"line":10,"column":1}},"loc":{"start":{"line":3,"column":21},"end":{"line":10,"column":1}},"line":3},"1":{"name":"get","decl":{"start":{"line":10,"column":0},"end":{"line":10,"column":1}},"loc":{"start":{"line":10,"column":0},"end":{"line":10,"column":1}},"line":10}},"f":{"0":2,"1":2}}
,"/Users/ioannes/Projects/runtyped/src/types/str.ts": {"path":"/Users/ioannes/Projects/runtyped/src/types/str.ts","all":false,"statementMap":{"0":{"start":{"line":1,"column":0},"end":{"line":1,"column":46}},"1":{"start":{"line":2,"column":0},"end":{"line":2,"column":0}},"2":{"start":{"line":3,"column":0},"end":{"line":3,"column":61}},"3":{"start":{"line":4,"column":0},"end":{"line":4,"column":72}},"4":{"start":{"line":5,"column":0},"end":{"line":5,"column":40}},"5":{"start":{"line":6,"column":0},"end":{"line":6,"column":2}}},"s":{"0":1,"1":1,"2":1,"3":57,"4":57,"5":57},"branchMap":{"0":{"type":"branch","line":3,"loc":{"start":{"line":3,"column":51},"end":{"line":6,"column":2}},"locations":[{"start":{"line":3,"column":51},"end":{"line":6,"column":2}}]},"1":{"type":"branch","line":4,"loc":{"start":{"line":4,"column":39},"end":{"line":4,"column":67}},"locations":[{"start":{"line":4,"column":39},"end":{"line":4,"column":67}}]},"2":{"type":"branch","line":4,"loc":{"start":{"line":4,"column":63},"end":{"line":4,"column":72}},"locations":[{"start":{"line":4,"column":63},"end":{"line":4,"column":72}}]},"3":{"type":"branch","line":6,"loc":{"start":{"line":6,"column":1},"end":{"line":6,"column":2}},"locations":[{"start":{"line":6,"column":1},"end":{"line":6,"column":2}}]}},"b":{"0":[57],"1":[1],"2":[56],"3":[28]},"fnMap":{"0":{"name":"get","decl":{"start":{"line":6,"column":1},"end":{"line":6,"column":2}},"loc":{"start":{"line":6,"column":1},"end":{"line":6,"column":2}},"line":6}},"f":{"0":28}}
,"/Users/ioannes/Projects/runtyped/src/types/uint.ts": {"path":"/Users/ioannes/Projects/runtyped/src/types/uint.ts","all":false,"statementMap":{"0":{"start":{"line":1,"column":0},"end":{"line":1,"column":27}},"1":{"start":{"line":2,"column":0},"end":{"line":2,"column":46}},"2":{"start":{"line":3,"column":0},"end":{"line":3,"column":0}},"3":{"start":{"line":4,"column":0},"end":{"line":4,"column":78}}},"s":{"0":1,"1":1,"2":1,"3":1},"branchMap":{"0":{"type":"branch","line":4,"loc":{"start":{"line":4,"column":58},"end":{"line":4,"column":77}},"locations":[{"start":{"line":4,"column":58},"end":{"line":4,"column":77}}]},"1":{"type":"branch","line":4,"loc":{"start":{"line":4,"column":77},"end":{"line":4,"column":78}},"locations":[{"start":{"line":4,"column":77},"end":{"line":4,"column":78}}]}},"b":{"0":[226],"1":[324]},"fnMap":{"0":{"name":"get","decl":{"start":{"line":4,"column":77},"end":{"line":4,"column":78}},"loc":{"start":{"line":4,"column":77},"end":{"line":4,"column":78}},"line":4}},"f":{"0":324}}
}
